[0.029s] Invoking command in '/home/pica/code/gbeam_2_ws/build/gbeam2_library': CMAKE_PREFIX_PATH=/opt/ros/humble /usr/bin/cmake /home/pica/code/gbeam_2_ws/gbeam2_library -DAMENT_CMAKE_SYMLINK_INSTALL=1 -DCMAKE_INSTALL_PREFIX=/home/pica/code/gbeam_2_ws/install/gbeam2_library
[0.115s] -- The C compiler identification is GNU 11.4.0
[0.171s] -- The CXX compiler identification is GNU 11.4.0
[0.178s] -- Detecting C compiler ABI info
[0.232s] -- Detecting C compiler ABI info - done
[0.237s] -- Check for working C compiler: /usr/bin/cc - skipped
[0.239s] -- Detecting C compile features
[0.239s] -- Detecting C compile features - done
[0.241s] -- Detecting CXX compiler ABI info
[0.290s] -- Detecting CXX compiler ABI info - done
[0.295s] -- Check for working CXX compiler: /usr/bin/c++ - skipped
[0.295s] -- Detecting CXX compile features
[0.295s] -- Detecting CXX compile features - done
[0.300s] -- Found ament_cmake: 1.3.8 (/opt/ros/humble/share/ament_cmake/cmake)
[0.402s] -- Found Python3: /usr/bin/python3 (found version "3.10.12") found components: Interpreter 
[0.447s] -- Override CMake install command with custom implementation using symlinks instead of copying resources
[0.469s] -- Found ament_lint_auto: 0.12.10 (/opt/ros/humble/share/ament_lint_auto/cmake)
[0.524s] -- Added test 'lint_cmake' to check CMake code style
[0.525s] -- Added test 'xmllint' to check XML markup files
[0.526s] -- Configuring done
[0.527s] -- Generating done
[0.528s] -- Build files have been written to: /home/pica/code/gbeam_2_ws/build/gbeam2_library
[0.533s] Invoked command in '/home/pica/code/gbeam_2_ws/build/gbeam2_library' returned '0': CMAKE_PREFIX_PATH=/opt/ros/humble /usr/bin/cmake /home/pica/code/gbeam_2_ws/gbeam2_library -DAMENT_CMAKE_SYMLINK_INSTALL=1 -DCMAKE_INSTALL_PREFIX=/home/pica/code/gbeam_2_ws/install/gbeam2_library
[0.534s] Invoking command in '/home/pica/code/gbeam_2_ws/build/gbeam2_library': CMAKE_PREFIX_PATH=/opt/ros/humble /usr/bin/cmake --build /home/pica/code/gbeam_2_ws/build/gbeam2_library -- -j20 -l20
[0.556s] Invoked command in '/home/pica/code/gbeam_2_ws/build/gbeam2_library' returned '0': CMAKE_PREFIX_PATH=/opt/ros/humble /usr/bin/cmake --build /home/pica/code/gbeam_2_ws/build/gbeam2_library -- -j20 -l20
[0.574s] Invoking command in '/home/pica/code/gbeam_2_ws/build/gbeam2_library': CMAKE_PREFIX_PATH=/opt/ros/humble /usr/bin/cmake --install /home/pica/code/gbeam_2_ws/build/gbeam2_library
[0.579s] -- Install configuration: ""
[0.579s] -- Execute custom install script
[0.579s] -- Symlinking: /home/pica/code/gbeam_2_ws/install/gbeam2_library/share/ament_index/resource_index/package_run_dependencies/gbeam2_library
[0.585s] -- Symlinking: /home/pica/code/gbeam_2_ws/install/gbeam2_library/share/ament_index/resource_index/parent_prefix_path/gbeam2_library
[0.590s] -- Symlinking: /home/pica/code/gbeam_2_ws/install/gbeam2_library/share/gbeam2_library/environment/ament_prefix_path.sh
[0.595s] -- Symlinking: /home/pica/code/gbeam_2_ws/install/gbeam2_library/share/gbeam2_library/environment/ament_prefix_path.dsv
[0.600s] -- Symlinking: /home/pica/code/gbeam_2_ws/install/gbeam2_library/share/gbeam2_library/environment/path.sh
[0.605s] -- Symlinking: /home/pica/code/gbeam_2_ws/install/gbeam2_library/share/gbeam2_library/environment/path.dsv
[0.610s] -- Symlinking: /home/pica/code/gbeam_2_ws/install/gbeam2_library/share/gbeam2_library/local_setup.bash
[0.614s] -- Symlinking: /home/pica/code/gbeam_2_ws/install/gbeam2_library/share/gbeam2_library/local_setup.sh
[0.619s] -- Symlinking: /home/pica/code/gbeam_2_ws/install/gbeam2_library/share/gbeam2_library/local_setup.zsh
[0.623s] -- Symlinking: /home/pica/code/gbeam_2_ws/install/gbeam2_library/share/gbeam2_library/local_setup.dsv
[0.629s] -- Symlinking: /home/pica/code/gbeam_2_ws/install/gbeam2_library/share/gbeam2_library/package.dsv
[0.633s] -- Symlinking: /home/pica/code/gbeam_2_ws/install/gbeam2_library/share/ament_index/resource_index/packages/gbeam2_library
[0.638s] -- Symlinking: /home/pica/code/gbeam_2_ws/install/gbeam2_library/share/gbeam2_library/cmake/gbeam2_libraryConfig.cmake
[0.643s] -- Symlinking: /home/pica/code/gbeam_2_ws/install/gbeam2_library/share/gbeam2_library/cmake/gbeam2_libraryConfig-version.cmake
[0.647s] -- Symlinking: /home/pica/code/gbeam_2_ws/install/gbeam2_library/share/gbeam2_library/package.xml
[0.700s] Invoked command in '/home/pica/code/gbeam_2_ws/build/gbeam2_library' returned '0': CMAKE_PREFIX_PATH=/opt/ros/humble /usr/bin/cmake --install /home/pica/code/gbeam_2_ws/build/gbeam2_library
