-- The C compiler identification is GNU 11.4.0
-- The CXX compiler identification is GNU 11.4.0
-- Detecting C compiler ABI info
-- Detecting C compiler ABI info - done
-- Check for working C compiler: /usr/bin/cc - skipped
-- Detecting C compile features
-- Detecting C compile features - done
-- Detecting CXX compiler ABI info
-- Detecting CXX compiler ABI info - done
-- Check for working CXX compiler: /usr/bin/c++ - skipped
-- Detecting CXX compile features
-- Detecting CXX compile features - done
-- Found ament_cmake: 1.3.8 (/opt/ros/humble/share/ament_cmake/cmake)
-- Found Python3: /usr/bin/python3 (found version "3.10.12") found components: Interpreter 
-- Override CMake install command with custom implementation using symlinks instead of copying resources
-- Found ament_lint_auto: 0.12.10 (/opt/ros/humble/share/ament_lint_auto/cmake)
-- Added test 'lint_cmake' to check CMake code style
-- Added test 'xmllint' to check XML markup files
-- Configuring done
-- Generating done
-- Build files have been written to: /home/pica/code/gbeam_2_ws/build/gbeam2_controller
-- Install configuration: ""
-- Execute custom install script
-- Symlinking: /home/pica/code/gbeam_2_ws/install/gbeam2_controller/share/ament_index/resource_index/package_run_dependencies/gbeam2_controller
-- Symlinking: /home/pica/code/gbeam_2_ws/install/gbeam2_controller/share/ament_index/resource_index/parent_prefix_path/gbeam2_controller
-- Symlinking: /home/pica/code/gbeam_2_ws/install/gbeam2_controller/share/gbeam2_controller/environment/ament_prefix_path.sh
-- Symlinking: /home/pica/code/gbeam_2_ws/install/gbeam2_controller/share/gbeam2_controller/environment/ament_prefix_path.dsv
-- Symlinking: /home/pica/code/gbeam_2_ws/install/gbeam2_controller/share/gbeam2_controller/environment/path.sh
-- Symlinking: /home/pica/code/gbeam_2_ws/install/gbeam2_controller/share/gbeam2_controller/environment/path.dsv
-- Symlinking: /home/pica/code/gbeam_2_ws/install/gbeam2_controller/share/gbeam2_controller/local_setup.bash
-- Symlinking: /home/pica/code/gbeam_2_ws/install/gbeam2_controller/share/gbeam2_controller/local_setup.sh
-- Symlinking: /home/pica/code/gbeam_2_ws/install/gbeam2_controller/share/gbeam2_controller/local_setup.zsh
-- Symlinking: /home/pica/code/gbeam_2_ws/install/gbeam2_controller/share/gbeam2_controller/local_setup.dsv
-- Symlinking: /home/pica/code/gbeam_2_ws/install/gbeam2_controller/share/gbeam2_controller/package.dsv
-- Symlinking: /home/pica/code/gbeam_2_ws/install/gbeam2_controller/share/ament_index/resource_index/packages/gbeam2_controller
-- Symlinking: /home/pica/code/gbeam_2_ws/install/gbeam2_controller/share/gbeam2_controller/cmake/gbeam2_controllerConfig.cmake
-- Symlinking: /home/pica/code/gbeam_2_ws/install/gbeam2_controller/share/gbeam2_controller/cmake/gbeam2_controllerConfig-version.cmake
-- Symlinking: /home/pica/code/gbeam_2_ws/install/gbeam2_controller/share/gbeam2_controller/package.xml
