[0.053s] Invoking command in '/home/pica/code/gbeam_2_ws/build/gbeam2_controller': CMAKE_PREFIX_PATH=/opt/ros/humble /usr/bin/cmake /home/pica/code/gbeam_2_ws/gbeam2_controller -DAMENT_CMAKE_SYMLINK_INSTALL=1 -DCMAKE_INSTALL_PREFIX=/home/pica/code/gbeam_2_ws/install/gbeam2_controller
[0.145s] -- The C compiler identification is GNU 11.4.0
[0.200s] -- The CXX compiler identification is GNU 11.4.0
[0.207s] -- Detecting C compiler ABI info
[0.261s] -- Detecting C compiler ABI info - done
[0.266s] -- Check for working C compiler: /usr/bin/cc - skipped
[0.267s] -- Detecting C compile features
[0.267s] -- Detecting C compile features - done
[0.270s] -- Detecting CXX compiler ABI info
[0.319s] -- Detecting CXX compiler ABI info - done
[0.325s] -- Check for working CXX compiler: /usr/bin/c++ - skipped
[0.325s] -- Detecting CXX compile features
[0.325s] -- Detecting CXX compile features - done
[0.329s] -- Found ament_cmake: 1.3.8 (/opt/ros/humble/share/ament_cmake/cmake)
[0.431s] -- Found Python3: /usr/bin/python3 (found version "3.10.12") found components: Interpreter 
[0.476s] -- Override CMake install command with custom implementation using symlinks instead of copying resources
[0.497s] -- Found ament_lint_auto: 0.12.10 (/opt/ros/humble/share/ament_lint_auto/cmake)
[0.553s] -- Added test 'lint_cmake' to check CMake code style
[0.553s] -- Added test 'xmllint' to check XML markup files
[0.555s] -- Configuring done
[0.556s] -- Generating done
[0.556s] -- Build files have been written to: /home/pica/code/gbeam_2_ws/build/gbeam2_controller
[0.559s] Invoked command in '/home/pica/code/gbeam_2_ws/build/gbeam2_controller' returned '0': CMAKE_PREFIX_PATH=/opt/ros/humble /usr/bin/cmake /home/pica/code/gbeam_2_ws/gbeam2_controller -DAMENT_CMAKE_SYMLINK_INSTALL=1 -DCMAKE_INSTALL_PREFIX=/home/pica/code/gbeam_2_ws/install/gbeam2_controller
[0.561s] Invoking command in '/home/pica/code/gbeam_2_ws/build/gbeam2_controller': CMAKE_PREFIX_PATH=/opt/ros/humble /usr/bin/cmake --build /home/pica/code/gbeam_2_ws/build/gbeam2_controller -- -j20 -l20
[0.583s] Invoked command in '/home/pica/code/gbeam_2_ws/build/gbeam2_controller' returned '0': CMAKE_PREFIX_PATH=/opt/ros/humble /usr/bin/cmake --build /home/pica/code/gbeam_2_ws/build/gbeam2_controller -- -j20 -l20
[0.601s] Invoking command in '/home/pica/code/gbeam_2_ws/build/gbeam2_controller': CMAKE_PREFIX_PATH=/opt/ros/humble /usr/bin/cmake --install /home/pica/code/gbeam_2_ws/build/gbeam2_controller
[0.605s] -- Install configuration: ""
[0.605s] -- Execute custom install script
[0.605s] -- Symlinking: /home/pica/code/gbeam_2_ws/install/gbeam2_controller/share/ament_index/resource_index/package_run_dependencies/gbeam2_controller
[0.611s] -- Symlinking: /home/pica/code/gbeam_2_ws/install/gbeam2_controller/share/ament_index/resource_index/parent_prefix_path/gbeam2_controller
[0.617s] -- Symlinking: /home/pica/code/gbeam_2_ws/install/gbeam2_controller/share/gbeam2_controller/environment/ament_prefix_path.sh
[0.621s] -- Symlinking: /home/pica/code/gbeam_2_ws/install/gbeam2_controller/share/gbeam2_controller/environment/ament_prefix_path.dsv
[0.627s] -- Symlinking: /home/pica/code/gbeam_2_ws/install/gbeam2_controller/share/gbeam2_controller/environment/path.sh
[0.632s] -- Symlinking: /home/pica/code/gbeam_2_ws/install/gbeam2_controller/share/gbeam2_controller/environment/path.dsv
[0.636s] -- Symlinking: /home/pica/code/gbeam_2_ws/install/gbeam2_controller/share/gbeam2_controller/local_setup.bash
[0.641s] -- Symlinking: /home/pica/code/gbeam_2_ws/install/gbeam2_controller/share/gbeam2_controller/local_setup.sh
[0.646s] -- Symlinking: /home/pica/code/gbeam_2_ws/install/gbeam2_controller/share/gbeam2_controller/local_setup.zsh
[0.650s] -- Symlinking: /home/pica/code/gbeam_2_ws/install/gbeam2_controller/share/gbeam2_controller/local_setup.dsv
[0.655s] -- Symlinking: /home/pica/code/gbeam_2_ws/install/gbeam2_controller/share/gbeam2_controller/package.dsv
[0.660s] -- Symlinking: /home/pica/code/gbeam_2_ws/install/gbeam2_controller/share/ament_index/resource_index/packages/gbeam2_controller
[0.665s] -- Symlinking: /home/pica/code/gbeam_2_ws/install/gbeam2_controller/share/gbeam2_controller/cmake/gbeam2_controllerConfig.cmake
[0.669s] -- Symlinking: /home/pica/code/gbeam_2_ws/install/gbeam2_controller/share/gbeam2_controller/cmake/gbeam2_controllerConfig-version.cmake
[0.675s] -- Symlinking: /home/pica/code/gbeam_2_ws/install/gbeam2_controller/share/gbeam2_controller/package.xml
[0.680s] Invoked command in '/home/pica/code/gbeam_2_ws/build/gbeam2_controller' returned '0': CMAKE_PREFIX_PATH=/opt/ros/humble /usr/bin/cmake --install /home/pica/code/gbeam_2_ws/build/gbeam2_controller
